Harry	NOUN
had	VERB
heard	VERB
Fred	NOUN
and	CONJ
George	NOUN
Weasley	NOUN
complain	VERB
about	ADP
the	DET
school	NOUN
brooms	NOUN
saying	VERB
that	CONJ
some	PRON
of	ADP
them	PRON
started	VERB
to	PRT
vibrate	VERB
if	CONJ
you	PRON
flew	VERB
too	ADV
high	ADJ
or	ADJ
always	ADV
flew	VERB
slightly	ADV
to	ADP
the	DET
left	NOUN

Their	PRON
teacher	NOUN
Madam	NOUN
Hooch	NOUN
arrived	VERB

She	PRON
had	VERB
short	VERB
gray	NOUN
hair	NOUN
and	CONJ
yellow	VERB
eyes	NOUN
like	CONJ
a	DET
hawk	NOUN

Well	NOUN
what	PRON
are	VERB
you	PRON
all	ADV
waiting	VERB
for	ADP

she	PRON
barked	VERB

Everyone	PRON
stand	VERB
by	ADV
a	DET
broomstick	NOUN

Come	NOUN
on	ADV
hurry	NOUN
up	ADV

Harry	NOUN
glanced	VERB
down	ADV
at	ADP
his	PRON
broom	NOUN

It	PRON
was	VERB
old	ADJ
and	CONJ
some	PRON
of	ADP
the	DET
twigs	NOUN
stuck	VERB
out	VERB
at	ADP
odd	ADJ
angles	NOUN

Stick	NOUN
out	VERB
your	PRON
right	VERB
hand	VERB
over	ADP
your	PRON
broom	VERB
called	VERB
Madam	NOUN
Hooch	NOUN
at	NOUN
the	DET
front	NOUN
and	CONJ
say	VERB
Up'	PRON
UP	ADV

everyone	PRON
shouted	VERB

Harry's	_
broom	NOUN
jumped	VERB
into	ADP
his	PRON
hand	VERB
at	ADP
once	CONJ
but	ADV
it	PRON
was	VERB
one	PRON
of	ADP
the	DET
few	NOUN
that	CONJ
did	NOUN

Hermione	NOUN
Granger's	_
had	VERB
simply	ADV
rolled	VERB
over	ADV
on	ADP
the	DET
ground	NOUN
and	CONJ
Neville's	NUM
hadn't	VERB
moved	VERB
at	ADP
all	NOUN

Perhaps	ADV
brooms	VERB
like	CONJ
horses	NOUN
could	VERB
tell	VERB
when	CONJ
you	PRON
were	VERB
afraid	ADJ
thought	NOUN
Harry	NOUN
there	PRON
was	VERB
a	DET
quaver	NOUN
in	ADP
Neville's	ADJ
voice	NOUN
that	CONJ
said	VERB
only	ADV
too	ADV
clearly	ADV
that	CONJ
he	PRON
wanted	VERB
to	PRT
keep	VERB
his	PRON
feet	NOUN
on	ADP
the	DET
ground	NOUN

Madam	NOUN
Hooch	NOUN
then	CONJ
showed	VERB
them	PRON
how	ADV
to	PRT
mount	VERB
their	PRON
brooms	VERB
without	ADV
sliding	VERB
off	ADP
the	DET
end	NOUN
and	CONJ
walked	VERB
up	ADV
and	CONJ
down	VERB
the	DET
rows	NOUN
correcting	VERB
their	PRON
grips	NOUN

Harry	NOUN
and	CONJ
Ron	NOUN
were	VERB
delighted	VERB
when	CONJ
she	PRON
told	VERB
Malfoy	NUM
he'd	NOUN
been	VERB
doing	VERB
it	PRON
wrong	VERB
for	ADP
years	NOUN

Now	NOUN
when	CONJ
I	NUM
blow	VERB
my	PRT
whistle	VERB
you	PRON
kick	VERB
off	ADV
from	ADP
the	DET
ground	NOUN
hard	ADV
said	DET
Madam	NOUN
Hooch	NOUN

Keep	NOUN
your	PRON
brooms	VERB
steady	ADJ
rise	NOUN
a	ADP
few	DET
feet	NOUN
and	CONJ
then	ADV
come	VERB
straight	ADV
back	ADV
down	ADJ
by	PRT
leaning	VERB
forward	ADV
slightly	ADV

On	NOUN
my	PRON
whistle	VERB
three	NOUN
two	NOUN
But	CONJ
Neville	NOUN
nervous	ADJ
and	NOUN
jumpy	ADJ
and	CONJ
frightened	VERB
of	ADP
being	CONJ
left	VERB
on	ADP
the	DET
ground	NOUN
pushed	VERB
off	ADP
hard	NOUN
before	ADV
the	DET
whistle	NOUN
had	VERB
touched	VERB
Madam	NOUN
Hooch's	NOUN
lips	NOUN

Come	NOUN
back	ADV
boy	NOUN

she	PRON
shouted	VERB
but	CONJ
Neville	NOUN
was	VERB
rising	VERB
straight	ADV
up	ADV
like	ADV
a	DET
cork	NOUN
shot	VERB
out	ADV
of	ADP
a	DET
bottle	NOUN
twelve	NOUN
feet	NOUN
twenty	NOUN
feet	NOUN

Harry	NOUN
saw	VERB
his	PRON
scared	VERB
white	NOUN
face	NOUN
look	VERB
down	ADV
at	ADP
the	DET
ground	NOUN
falling	VERB
away	ADV
saw	VERB
him	PRON
gasp	VERB
slip	VERB
sideways	ADV
off	ADP
the	DET
broom	NOUN
and	CONJ
WHAM	VERB
a	DET
thud	NOUN
and	CONJ
a	DET
nasty	NOUN
crack	NOUN
and	CONJ
Neville	NOUN
lay	VERB
facedown	ADV
on	ADP
the	DET
grass	NOUN
in	ADP
a	DET
heap	NOUN

His	PRON
broomstick	NOUN
was	VERB
still	VERB
rising	VERB
higher	ADV
and	CONJ
higher	ADJ
and	CONJ
started	VERB
to	PRT
drift	VERB
lazily	ADV
toward	ADP
the	DET
forbidden	ADJ
forest	NOUN
and	CONJ
out	VERB
of	ADP
sight	NOUN

Madam	NOUN
Hooch	NOUN
was	VERB
bending	VERB
over	ADP
Neville	NOUN
her	PRON
face	VERB
as	ADV
white	ADJ
as	ADP
his	PRON

Broken	NOUN
wrist	NOUN
Harry	NOUN
heard	VERB
her	PRON
mutter	NOUN

Come	NOUN
on	NOUN
boy	VERB
it's	ADJ
all	ADV
right	VERB
up	ADP
you	PRON
get	NOUN

She	PRON
turned	VERB
to	ADP
the	DET
rest	NOUN
of	ADP
the	DET
class	NOUN

None	ADV
of	ADP
you	DET
is	NOUN
to	ADP
move	VERB
while	CONJ
I	NUM
take	VERB
this	PRON
boy	VERB
to	ADP
the	DET
hospital	NOUN
wing	NOUN

You	PRON
leave	VERB
those	DET
brooms	NOUN
where	CONJ
they	PRON
are	VERB
or	ADJ
you'll	PRT
be	VERB
out	ADV
of	ADP
Hogwarts	NOUN
before	CONJ
you	PRON
can	NOUN
say	VERB
Quidditch'	VERB
Come	NOUN
on	ADP
dear	NOUN

Neville	NOUN
his	PRON
face	VERB
tear-streaked	NUM
clutching	VERB
his	PRON
wrist	NOUN
hobbled	VERB
off	ADV
with	ADP
Madam	NOUN
Hooch	NOUN
who	PRON
had	VERB
her	PRON
arm	VERB
around	ADP
him	PRON

No	NOUN
sooner	ADV
were	VERB
they	PRON
out	VERB
of	ADP
earshot	NOUN
than	CONJ
Malfoy	NUM
burst	VERB
into	ADP
laughter	NOUN

Did	NOUN
you	PRON
see	VERB
his	PRON
face	VERB
the	DET
great	ADJ
lump	NOUN

The	DET
other	NOUN
Slytherins	NOUN
joined	VERB
in	ADP

Shut	NOUN
up	ADV
Malfoy	NOUN
snapped	VERB
Parvati	NOUN
Patil	NOUN

Ooh	VERB
sticking	VERB
up	ADV
for	ADP
Longbottom	NOUN

said	DET
Pansy	ADJ
Parkinson	NOUN
a	VERB
hard-faced	DET
Slytherin	ADJ
girl	NOUN

Never	ADV
thought	VERB
you'd	ADV
like	PRT
fat	VERB
little	DET
crybabies	NOUN
Parvati	NOUN

Look	NOUN

said	ADJ
Malfoy	NUM
darting	NOUN
forward	VERB
and	CONJ
snatching	VERB
something	ADV
out	ADV
of	ADP
the	DET
grass	NOUN

It's	ADJ
that	DET
stupid	NOUN
thing	NOUN
Longbottom's	CONJ
gran	NOUN
sent	VERB
him	PRON

The	DET
Remembrall	NOUN
glittered	VERB
in	ADP
the	DET
sun	NOUN
as	CONJ
he	PRON
held	VERB
it	PRON
up	ADV

Harry	NOUN
had	VERB
heard	VERB
Fred	NOUN
and	CONJ
George	NOUN
Weasley	NOUN
complain	VERB
about	ADP
the	DET
school	NOUN
brooms	NOUN
saying	VERB
that	CONJ
some	PRON
of	ADP
them	PRON
started	VERB
to	PRT
vibrate	VERB
if	CONJ
you	PRON
flew	VERB
too	ADV
high	ADJ
or	ADJ
always	ADV
flew	VERB
slightly	ADV
to	ADP
the	DET
left	NOUN

Their	PRON
teacher	NOUN
Madam	NOUN
Hooch	NOUN
arrived	VERB

She	PRON
had	VERB
short	VERB
gray	NOUN
hair	NOUN
and	CONJ
yellow	VERB
eyes	NOUN
like	CONJ
a	DET
hawk	NOUN

Well	NOUN
what	PRON
are	VERB
you	PRON
all	ADV
waiting	VERB
for	ADP

she	PRON
barked	VERB

Everyone	PRON
stand	VERB
by	ADV
a	DET
broomstick	NOUN

Come	NOUN
on	ADV
hurry	NOUN
up	ADV

Harry	NOUN
glanced	VERB
down	ADV
at	ADP
his	PRON
broom	NOUN

It	PRON
was	VERB
old	ADJ
and	CONJ
some	PRON
of	ADP
the	DET
twigs	NOUN
stuck	VERB
out	VERB
at	ADP
odd	ADJ
angles	NOUN

Stick	NOUN
out	VERB
your	PRON
right	VERB
hand	VERB
over	ADP
your	PRON
broom	VERB
called	VERB
Madam	NOUN
Hooch	NOUN
at	NOUN
the	DET
front	NOUN
and	CONJ
say	VERB
Up'	PRON
UP	ADV

everyone	PRON
shouted	VERB

Harry's	_
broom	NOUN
jumped	VERB
into	ADP
his	PRON
hand	VERB
at	ADP
once	CONJ
but	ADV
it	PRON
was	VERB
one	PRON
of	ADP
the	DET
few	NOUN
that	CONJ
did	NOUN

Hermione	NOUN
Granger's	_
had	VERB
simply	ADV
rolled	VERB
over	ADV
on	ADP
the	DET
ground	NOUN
and	CONJ
Neville's	NUM
hadn't	VERB
moved	VERB
at	ADP
all	NOUN

Perhaps	ADV
brooms	VERB
like	CONJ
horses	NOUN
could	VERB
tell	VERB
when	CONJ
you	PRON
were	VERB
afraid	ADJ
thought	NOUN
Harry	NOUN
there	PRON
was	VERB
a	DET
quaver	NOUN
in	ADP
Neville's	ADJ
voice	NOUN
that	CONJ
said	VERB
only	ADV
too	ADV
clearly	ADV
that	CONJ
he	PRON
wanted	VERB
to	PRT
keep	VERB
his	PRON
feet	NOUN
on	ADP
the	DET
ground	NOUN

Madam	NOUN
Hooch	NOUN
then	CONJ
showed	VERB
them	PRON
how	ADV
to	PRT
mount	VERB
their	PRON
brooms	VERB
without	ADV
sliding	VERB
off	ADP
the	DET
end	NOUN
and	CONJ
walked	VERB
up	ADV
and	CONJ
down	VERB
the	DET
rows	NOUN
correcting	VERB
their	PRON
grips	NOUN

Harry	NOUN
and	CONJ
Ron	NOUN
were	VERB
delighted	VERB
when	CONJ
she	PRON
told	VERB
Malfoy	NUM
he'd	NOUN
been	VERB
doing	VERB
it	PRON
wrong	VERB
for	ADP
years	NOUN

Now	NOUN
when	CONJ
I	NUM
blow	VERB
my	PRT
whistle	VERB
you	PRON
kick	VERB
off	ADV
from	ADP
the	DET
ground	NOUN
hard	ADV
said	DET
Madam	NOUN
Hooch	NOUN

Keep	NOUN
your	PRON
brooms	VERB
steady	ADJ
rise	NOUN
a	ADP
few	DET
feet	NOUN
and	CONJ
then	ADV
come	VERB
straight	ADV
back	ADV
down	ADJ
by	PRT
leaning	VERB
forward	ADV
slightly	ADV

On	NOUN
my	PRON
whistle	VERB
three	NOUN
two	NOUN
But	CONJ
Neville	NOUN
nervous	ADJ
and	NOUN
jumpy	ADJ
and	CONJ
frightened	VERB
of	ADP
being	CONJ
left	VERB
on	ADP
the	DET
ground	NOUN
pushed	VERB
off	ADP
hard	NOUN
before	ADV
the	DET
whistle	NOUN
had	VERB
touched	VERB
Madam	NOUN
Hooch's	NOUN
lips	NOUN

Come	NOUN
back	ADV
boy	NOUN

she	PRON
shouted	VERB
but	CONJ
Neville	NOUN
was	VERB
rising	VERB
straight	ADV
up	ADV
like	ADV
a	DET
cork	NOUN
shot	VERB
out	ADV
of	ADP
a	DET
bottle	NOUN
twelve	NOUN
feet	NOUN
twenty	NOUN
feet	NOUN

Harry	NOUN
saw	VERB
his	PRON
scared	VERB
white	NOUN
face	NOUN
look	VERB
down	ADV
at	ADP
the	DET
ground	NOUN
falling	VERB
away	ADV
saw	VERB
him	PRON
gasp	VERB
slip	VERB
sideways	ADV
off	ADP
the	DET
broom	NOUN
and	CONJ
WHAM	VERB
a	DET
thud	NOUN
and	CONJ
a	DET
nasty	NOUN
crack	NOUN
and	CONJ
Neville	NOUN
lay	VERB
facedown	ADV
on	ADP
the	DET
grass	NOUN
in	ADP
a	DET
heap	NOUN

His	PRON
broomstick	NOUN
was	VERB
still	VERB
rising	VERB
higher	ADV
and	CONJ
higher	ADJ
and	CONJ
started	VERB
to	PRT
drift	VERB
lazily	ADV
toward	ADP
the	DET
forbidden	ADJ
forest	NOUN
and	CONJ
out	VERB
of	ADP
sight	NOUN

Madam	NOUN
Hooch	NOUN
was	VERB
bending	VERB
over	ADP
Neville	NOUN
her	PRON
face	VERB
as	ADV
white	ADJ
as	ADP
his	PRON

Broken	NOUN
wrist	NOUN
Harry	NOUN
heard	VERB
her	PRON
mutter	NOUN

Come	NOUN
on	NOUN
boy	VERB
it's	ADJ
all	ADV
right	VERB
up	ADP
you	PRON
get	NOUN

She	PRON
turned	VERB
to	ADP
the	DET
rest	NOUN
of	ADP
the	DET
class	NOUN

None	ADV
of	ADP
you	DET
is	NOUN
to	ADP
move	VERB
while	CONJ
I	NUM
take	VERB
this	PRON
boy	VERB
to	ADP
the	DET
hospital	NOUN
wing	NOUN

You	PRON
leave	VERB
those	DET
brooms	NOUN
where	CONJ
they	PRON
are	VERB
or	ADJ
you'll	PRT
be	VERB
out	ADV
of	ADP
Hogwarts	NOUN
before	CONJ
you	PRON
can	NOUN
say	VERB
Quidditch'	VERB
Come	NOUN
on	ADP
dear	NOUN

Neville	NOUN
his	PRON
face	VERB
tear-streaked	NUM
clutching	VERB
his	PRON
wrist	NOUN
hobbled	VERB
off	ADV
with	ADP
Madam	NOUN
Hooch	NOUN
who	PRON
had	VERB
her	PRON
arm	VERB
around	ADP
him	PRON

No	NOUN
sooner	ADV
were	VERB
they	PRON
out	VERB
of	ADP
earshot	NOUN
than	CONJ
Malfoy	NUM
burst	VERB
into	ADP
laughter	NOUN

Did	NOUN
you	PRON
see	VERB
his	PRON
face	VERB
the	DET
great	ADJ
lump	NOUN

The	DET
other	NOUN
Slytherins	NOUN
joined	VERB
in	ADP

Shut	NOUN
up	ADV
Malfoy	NOUN
snapped	VERB
Parvati	NOUN
Patil	NOUN

Ooh	VERB
sticking	VERB
up	ADV
for	ADP
Longbottom	NOUN

said	DET
Pansy	ADJ
Parkinson	NOUN
a	VERB
hard-faced	DET
Slytherin	ADJ
girl	NOUN

Never	ADV
thought	VERB
you'd	ADV
like	PRT
fat	VERB
little	DET
crybabies	NOUN
Parvati	NOUN

Look	NOUN

said	ADJ
Malfoy	NUM
darting	NOUN
forward	VERB
and	CONJ
snatching	VERB
something	ADV
out	ADV
of	ADP
the	DET
grass	NOUN

It's	ADJ
that	DET
stupid	NOUN
thing	NOUN
Longbottom's	CONJ
gran	NOUN
sent	VERB
him	PRON

The	DET
Remembrall	NOUN
glittered	VERB
in	ADP
the	DET
sun	NOUN
as	CONJ
he	PRON
held	VERB
it	PRON
up	ADV

