Harry_720	NOUN
had_721	VERB
heard_722	VERB
Fred_723	NOUN
and_724	CONJ
George_725	NOUN
Weasley_726	VERB
complain_727	VERB
about_728	ADP
the_729	DET
school_730	NOUN
brooms_731	NOUN
saying_732	VERB
that_733	CONJ
some_734	PRON
of_735	VERB
them_736	PRON
started_737	VERB
to_738	ADP
vibrate_739	VERB
if_740	CONJ
you_741	PRON
flew_742	VERB
too_743	ADV
high_744	NOUN
or_745	ADJ
always_746	ADV
flew_747	VERB
slightly_748	ADV
to_749	ADP
the_750	DET
left_751	NOUN

Their_752	PRON
teacher_753	NOUN
Madam_754	NOUN
Hooch_755	NOUN
arrived_756	VERB

She_757	PRON
had_758	VERB
short_759	VERB
gray_760	NOUN
hair_761	NOUN
and_762	CONJ
yellow_763	VERB
eyes_764	VERB
like_765	VERB
a_766	DET
hawk_767	NOUN

Well_768	NOUN
what_769	PRT
are_770	VERB
you_771	PRON
all_772	NOUN
waiting_773	VERB
for_774	ADP

she_775	PRON
barked_776	VERB

Everyone_777	PRON
stand_778	VERB
by_779	ADP
a_780	DET
broomstick_781	NOUN

Come_782	NOUN
on_783	ADV
hurry_784	NOUN
up_785	ADV

Harry_786	NOUN
glanced_787	VERB
down_788	VERB
at_789	ADP
his_790	PRON
broom_791	NOUN

It_792	PRON
was_793	VERB
old_794	NOUN
and_795	CONJ
some_796	PRON
of_797	ADP
the_798	DET
twigs_799	NOUN
stuck_800	VERB
out_801	VERB
at_802	ADP
odd_803	ADJ
angles_804	NOUN

Stick_805	NOUN
out_806	VERB
your_807	PRON
right_808	VERB
hand_809	VERB
over_810	ADP
your_811	PRON
broom_812	NOUN
called_813	VERB
Madam_814	NOUN
Hooch_815	NOUN
at_816	NOUN
the_817	ADV
front_818	ADJ
and_819	CONJ
say_820	VERB
Up'_821	DET
UP_822	NOUN

everyone_823	PRON
shouted_824	VERB

Harry's_825	_
broom_826	NOUN
jumped_827	VERB
into_828	ADP
his_829	PRON
hand_830	VERB
at_831	ADP
once_832	ADV
but_833	ADV
it_834	PRON
was_835	VERB
one_836	PRON
of_837	ADP
the_838	DET
few_839	NOUN
that_840	CONJ
did_841	NOUN

Hermione_842	NOUN
Granger's_843	.
had_844	VERB
simply_845	ADV
rolled_846	VERB
over_847	ADV
on_848	ADP
the_849	DET
ground_850	NOUN
and_851	CONJ
Neville's_852	NUM
hadn't_853	VERB
moved_854	VERB
at_855	ADP
all_856	NOUN

Perhaps_857	ADV
brooms_858	VERB
like_859	ADJ
horses_860	NOUN
could_861	VERB
tell_862	VERB
when_863	CONJ
you_864	PRON
were_865	VERB
afraid_866	ADJ
thought_867	NOUN
Harry_868	NOUN
there_869	PRON
was_870	VERB
a_871	DET
quaver_872	NOUN
in_873	ADP
Neville's_874	DET
voice_875	NOUN
that_876	CONJ
said_877	VERB
only_878	ADJ
too_879	ADV
clearly_880	ADV
that_881	PRON
he_882	NOUN
wanted_883	ADJ
to_884	PRT
keep_885	VERB
his_886	PRON
feet_887	NOUN
on_888	ADP
the_889	DET
ground_890	NOUN

Madam_891	NOUN
Hooch_892	NOUN
then_893	CONJ
showed_894	VERB
them_895	PRON
how_896	CONJ
to_897	PRT
mount_898	VERB
their_899	PRON
brooms_900	NOUN
without_901	CONJ
sliding_902	VERB
off_903	ADP
the_904	DET
end_905	NOUN
and_906	CONJ
walked_907	VERB
up_908	ADP
and_909	NOUN
down_910	ADP
the_911	DET
rows_912	NOUN
correcting_913	VERB
their_914	PRON
grips_915	NOUN

Harry_916	NOUN
and_917	CONJ
Ron_918	NOUN
were_919	VERB
delighted_920	VERB
when_921	CONJ
she_922	PRON
told_923	VERB
Malfoy_924	PRON
he'd_925	.
been_926	VERB
doing_927	VERB
it_928	ADJ
wrong_929	ADV
for_930	ADP
years_931	NOUN

Now_932	NOUN
when_933	CONJ
I_934	NUM
blow_935	VERB
my_936	PRT
whistle_937	VERB
you_938	PRON
kick_939	VERB
off_940	ADV
from_941	ADP
the_942	DET
ground_943	NOUN
hard_944	ADV
said_945	DET
Madam_946	NOUN
Hooch_947	NOUN

Keep_948	NOUN
your_949	PRON
brooms_950	VERB
steady_951	ADJ
rise_952	NOUN
a_953	ADP
few_954	DET
feet_955	NOUN
and_956	CONJ
then_957	ADJ
come_958	VERB
straight_959	ADJ
back_960	ADV
down_961	ADV
by_962	PRT
leaning_963	VERB
forward_964	ADJ
slightly_965	ADV

On_966	NOUN
my_967	PRT
whistle_968	VERB
three_969	NOUN
two_970	NOUN
But_971	NOUN
Neville_972	NOUN
nervous_973	ADJ
and_974	NOUN
jumpy_975	ADJ
and_976	CONJ
frightened_977	VERB
of_978	ADP
being_979	VERB
left_980	VERB
on_981	ADP
the_982	DET
ground_983	ADJ
pushed_984	VERB
off_985	ADJ
hard_986	ADV
before_987	ADP
the_988	DET
whistle_989	NOUN
had_990	VERB
touched_991	VERB
Madam_992	NOUN
Hooch's_993	ADP
lips_994	NOUN

Come_995	NOUN
back_996	ADV
boy_997	NOUN

she_998	PRON
shouted_999	VERB
but_1000	ADV
Neville_1001	NOUN
was_1002	VERB
rising_1003	VERB
straight_1004	ADJ
up_1005	ADV
like_1006	ADP
a_1007	DET
cork_1008	NOUN
shot_1009	VERB
out_1010	ADV
of_1011	ADP
a_1012	DET
bottle_1013	NOUN
twelve_1014	NOUN
feet_1015	NOUN
twenty_1016	NUM
feet_1017	NOUN

Harry_1018	NOUN
saw_1019	VERB
his_1020	PRON
scared_1021	VERB
white_1022	NOUN
face_1023	NOUN
look_1024	VERB
down_1025	VERB
at_1026	ADP
the_1027	DET
ground_1028	NOUN
falling_1029	VERB
away_1030	ADV
saw_1031	VERB
him_1032	PRON
gasp_1033	VERB
slip_1034	VERB
sideways_1035	ADV
off_1036	ADP
the_1037	DET
broom_1038	NOUN
and_1039	CONJ
WHAM_1040	VERB
a_1041	DET
thud_1042	NOUN
and_1043	CONJ
a_1044	DET
nasty_1045	ADJ
crack_1046	NOUN
and_1047	CONJ
Neville_1048	NOUN
lay_1049	VERB
facedown_1050	ADV
on_1051	ADP
the_1052	DET
grass_1053	NOUN
in_1054	ADP
a_1055	DET
heap_1056	NOUN

His_1057	PRON
broomstick_1058	NOUN
was_1059	VERB
still_1060	VERB
rising_1061	ADJ
higher_1062	ADV
and_1063	CONJ
higher_1064	ADJ
and_1065	CONJ
started_1066	VERB
to_1067	PRT
drift_1068	VERB
lazily_1069	ADV
toward_1070	ADP
the_1071	DET
forbidden_1072	ADJ
forest_1073	NOUN
and_1074	CONJ
out_1075	VERB
of_1076	ADP
sight_1077	NOUN

Madam_1078	NOUN
Hooch_1079	NOUN
was_1080	VERB
bending_1081	VERB
over_1082	NOUN
Neville_1083	NOUN
her_1084	PRON
face_1085	VERB
as_1086	ADP
white_1087	ADJ
as_1088	ADP
his_1089	PRON

Broken_1090	ADJ
wrist_1091	NOUN
Harry_1092	NOUN
heard_1093	VERB
her_1094	PRON
mutter_1095	NOUN

Come_1096	NOUN
on_1097	NOUN
boy_1098	VERB
it's_1099	ADJ
all_1100	ADV
right_1101	ADV
up_1102	ADP
you_1103	PRON
get_1104	NOUN

She_1105	PRON
turned_1106	VERB
to_1107	ADP
the_1108	DET
rest_1109	NOUN
of_1110	ADP
the_1111	DET
class_1112	NOUN

None_1113	ADV
of_1114	ADP
you_1115	PRON
is_1116	VERB
to_1117	ADP
move_1118	NOUN
while_1119	CONJ
I_1120	NUM
take_1121	VERB
this_1122	PRON
boy_1123	VERB
to_1124	ADP
the_1125	DET
hospital_1126	NOUN
wing_1127	VERB

You_1128	PRON
leave_1129	VERB
those_1130	DET
brooms_1131	NOUN
where_1132	CONJ
they_1133	PRON
are_1134	VERB
or_1135	NOUN
you'll_1136	.
be_1137	VERB
out_1138	ADV
of_1139	ADP
Hogwarts_1140	NOUN
before_1141	ADV
you_1142	PRON
can_1143	VERB
say_1144	VERB
Quidditch'_1145	DET
Come_1146	NOUN
on_1147	ADP
dear_1148	NOUN

Neville_1149	NOUN
his_1150	PRON
face_1151	NOUN
tear-streaked_1152	NUM
clutching_1153	VERB
his_1154	PRON
wrist_1155	NOUN
hobbled_1156	VERB
off_1157	ADV
with_1158	ADP
Madam_1159	NOUN
Hooch_1160	NOUN
who_1161	PRON
had_1162	VERB
her_1163	PRON
arm_1164	VERB
around_1165	ADP
him_1166	PRON

No_1167	DET
sooner_1168	NOUN
were_1169	VERB
they_1170	PRON
out_1171	VERB
of_1172	ADP
earshot_1173	NOUN
than_1174	CONJ
Malfoy_1175	PRON
burst_1176	VERB
into_1177	ADP
laughter_1178	NOUN

Did_1179	NOUN
you_1180	PRON
see_1181	VERB
his_1182	PRON
face_1183	NOUN
the_1184	DET
great_1185	ADJ
lump_1186	NOUN

The_1187	DET
other_1188	NOUN
Slytherins_1189	PRON
joined_1190	VERB
in_1191	ADV

Shut_1192	NOUN
up_1193	ADV
Malfoy_1194	PRON
snapped_1195	VERB
Parvati_1196	NOUN
Patil_1197	NOUN

Ooh_1198	VERB
sticking_1199	VERB
up_1200	ADV
for_1201	ADP
Longbottom_1202	NOUN

said_1203	DET
Pansy_1204	ADJ
Parkinson_1205	NOUN
a_1206	PRT
hard-faced_1207	VERB
Slytherin_1208	NUM
girl_1209	NOUN

Never_1210	ADV
thought_1211	VERB
you'd_1212	DET
like_1213	ADJ
fat_1214	VERB
little_1215	ADJ
crybabies_1216	NOUN
Parvati_1217	NOUN

Look_1218	NOUN

said_1219	DET
Malfoy_1220	NOUN
darting_1221	VERB
forward_1222	ADV
and_1223	CONJ
snatching_1224	VERB
something_1225	ADJ
out_1226	ADV
of_1227	ADP
the_1228	DET
grass_1229	NOUN

It's_1230	ADJ
that_1231	CONJ
stupid_1232	ADV
thing_1233	NOUN
Longbottom's_1234	DET
gran_1235	NOUN
sent_1236	VERB
him_1237	PRON

The_1238	DET
Remembrall_1239	NOUN
glittered_1240	VERB
in_1241	ADP
the_1242	DET
sun_1243	NOUN
as_1244	CONJ
he_1245	PRON
held_1246	VERB
it_1247	ADJ
up_1248	ADV

